2022-02-16 07:15:18,107 INFO  [org.jboss.as.server.deployment.scanner] (MSC service thread 1-8) WFLYDS0013: Started FileSystemDeploymentService for directory F:\Code\BSOA\Keycloak\keycloak-15.0.2\standalone\deployments
2022-02-16 07:15:18,202 INFO  [org.jboss.as.server.deployment] (MSC service thread 1-5) WFLYSRV0027: Starting deployment of "keycloak-server.war" (runtime-name: "keycloak-server.war")
2022-02-16 07:15:18,122 INFO  [org.wildfly.extension.undertow] (MSC service thread 1-2) WFLYUT0006: Undertow HTTPS listener https listening on 127.0.0.1:8443
2022-02-16 07:15:20,650 INFO  [org.infinispan.CONTAINER] (ServerService Thread Pool -- 54) ISPN000128: Infinispan version: Infinispan 'Corona Extra' 11.0.9.Final
2022-02-16 07:15:20,783 INFO  [org.infinispan.CONFIG] (MSC service thread 1-1) ISPN000152: Passivation configured without an eviction policy being selected. Only manually evicted entities will be passivated.
2022-02-16 07:15:20,785 INFO  [org.infinispan.CONFIG] (MSC service thread 1-1) ISPN000152: Passivation configured without an eviction policy being selected. Only manually evicted entities will be passivated.
2022-02-16 07:15:20,852 INFO  [org.infinispan.PERSISTENCE] (ServerService Thread Pool -- 54) ISPN000556: Starting user marshaller 'org.wildfly.clustering.infinispan.spi.marshalling.InfinispanProtoStreamMarshaller'
2022-02-16 07:15:20,852 INFO  [org.infinispan.PERSISTENCE] (ServerService Thread Pool -- 55) ISPN000556: Starting user marshaller 'org.wildfly.clustering.infinispan.marshalling.jboss.JBossMarshaller'
2022-02-16 07:15:21,177 INFO  [org.jboss.as.clustering.infinispan] (ServerService Thread Pool -- 54) WFLYCLINF0002: Started http-remoting-connector cache from ejb container
2022-02-16 07:15:21,199 INFO  [org.jboss.as.clustering.infinispan] (ServerService Thread Pool -- 56) WFLYCLINF0002: Started clientSessions cache from keycloak container
2022-02-16 07:15:21,200 INFO  [org.jboss.as.clustering.infinispan] (ServerService Thread Pool -- 64) WFLYCLINF0002: Started offlineClientSessions cache from keycloak container
2022-02-16 07:15:21,200 INFO  [org.jboss.as.clustering.infinispan] (ServerService Thread Pool -- 60) WFLYCLINF0002: Started work cache from keycloak container
2022-02-16 07:15:21,200 INFO  [org.jboss.as.clustering.infinispan] (ServerService Thread Pool -- 58) WFLYCLINF0002: Started sessions cache from keycloak container
2022-02-16 07:15:21,200 INFO  [org.jboss.as.clustering.infinispan] (ServerService Thread Pool -- 59) WFLYCLINF0002: Started loginFailures cache from keycloak container
2022-02-16 07:15:21,200 INFO  [org.jboss.as.clustering.infinispan] (ServerService Thread Pool -- 65) WFLYCLINF0002: Started actionTokens cache from keycloak container
2022-02-16 07:15:21,201 INFO  [org.jboss.as.clustering.infinispan] (ServerService Thread Pool -- 61) WFLYCLINF0002: Started authenticationSessions cache from keycloak container
2022-02-16 07:15:21,201 INFO  [org.jboss.as.clustering.infinispan] (ServerService Thread Pool -- 62) WFLYCLINF0002: Started offlineSessions cache from keycloak container
2022-02-16 07:15:21,239 INFO  [org.jboss.as.clustering.infinispan] (ServerService Thread Pool -- 54) WFLYCLINF0002: Started users cache from keycloak container
2022-02-16 07:15:21,239 INFO  [org.jboss.as.clustering.infinispan] (ServerService Thread Pool -- 55) WFLYCLINF0002: Started keys cache from keycloak container
2022-02-16 07:15:21,239 INFO  [org.jboss.as.clustering.infinispan] (ServerService Thread Pool -- 57) WFLYCLINF0002: Started realms cache from keycloak container
2022-02-16 07:15:21,239 INFO  [org.jboss.as.clustering.infinispan] (ServerService Thread Pool -- 63) WFLYCLINF0002: Started authorization cache from keycloak container
2022-02-16 07:15:21,923 WARN  [org.jboss.as.server.deployment] (MSC service thread 1-5) WFLYSRV0273: Excluded subsystem webservices via jboss-deployment-structure.xml does not exist.
2022-02-16 07:15:23,183 INFO  [org.keycloak.services] (ServerService Thread Pool -- 66) KC-SERVICES0001: Loading config from standalone.xml or domain.xml
2022-02-16 07:15:24,253 INFO  [org.keycloak.url.DefaultHostnameProviderFactory] (ServerService Thread Pool -- 66) Frontend: <request>, Admin: <frontend>, Backend: <request>
2022-02-16 07:15:24,407 INFO  [org.jboss.as.clustering.infinispan] (ServerService Thread Pool -- 66) WFLYCLINF0002: Started realmRevisions cache from keycloak container
2022-02-16 07:15:24,412 INFO  [org.jboss.as.clustering.infinispan] (ServerService Thread Pool -- 66) WFLYCLINF0002: Started userRevisions cache from keycloak container
2022-02-16 07:15:24,417 INFO  [org.jboss.as.clustering.infinispan] (ServerService Thread Pool -- 66) WFLYCLINF0002: Started authorizationRevisions cache from keycloak container
2022-02-16 07:15:24,418 INFO  [org.keycloak.connections.infinispan.DefaultInfinispanConnectionProviderFactory] (ServerService Thread Pool -- 66) Node name: desktop-tv8kuh0, Site name: null
2022-02-16 07:15:30,000 INFO  [org.keycloak.connections.jpa.DefaultJpaConnectionProviderFactory] (ServerService Thread Pool -- 66) Database info: {databaseUrl=jdbc:h2:F:\Code\BSOA\Keycloak\keycloak-15.0.2\standalone\data/keycloak, databaseUser=SA, databaseProduct=H2 1.4.197 (2018-03-18), databaseDriver=H2 JDBC Driver 1.4.197 (2018-03-18)}
2022-02-16 07:15:31,288 INFO  [org.hibernate.jpa.internal.util.LogHelper] (ServerService Thread Pool -- 66) HHH000204: Processing PersistenceUnitInfo [
	name: keycloak-default
	...]
2022-02-16 07:15:31,448 INFO  [org.hibernate.Version] (ServerService Thread Pool -- 66) HHH000412: Hibernate Core {5.3.20.Final}
2022-02-16 07:15:31,450 INFO  [org.hibernate.cfg.Environment] (ServerService Thread Pool -- 66) HHH000206: hibernate.properties not found
2022-02-16 07:15:31,903 INFO  [org.hibernate.annotations.common.Version] (ServerService Thread Pool -- 66) HCANN000001: Hibernate Commons Annotations {5.0.5.Final}
2022-02-16 07:15:32,141 INFO  [org.hibernate.dialect.Dialect] (ServerService Thread Pool -- 66) HHH000400: Using dialect: org.hibernate.dialect.H2Dialect
2022-02-16 07:15:32,210 INFO  [org.hibernate.envers.boot.internal.EnversServiceImpl] (ServerService Thread Pool -- 66) Envers integration enabled? : true
2022-02-16 07:15:32,851 INFO  [org.hibernate.orm.beans] (ServerService Thread Pool -- 66) HHH10005002: No explicit CDI BeanManager reference was passed to Hibernate, but CDI is available on the Hibernate ClassLoader.
2022-02-16 07:15:32,963 INFO  [org.hibernate.validator.internal.util.Version] (ServerService Thread Pool -- 66) HV000001: Hibernate Validator 6.0.22.Final
2022-02-16 07:15:34,026 INFO  [org.hibernate.hql.internal.QueryTranslatorFactoryInitiator] (ServerService Thread Pool -- 66) HHH000397: Using ASTQueryTranslatorFactory
2022-02-16 07:15:35,016 INFO  [org.jboss.resteasy.resteasy_jaxrs.i18n] (ServerService Thread Pool -- 66) RESTEASY002225: Deploying javax.ws.rs.core.Application: class org.keycloak.services.resources.KeycloakApplication
2022-02-16 07:15:35,018 INFO  [org.jboss.resteasy.resteasy_jaxrs.i18n] (ServerService Thread Pool -- 66) RESTEASY002200: Adding class resource org.keycloak.services.resources.ThemeResource from Application class org.keycloak.services.resources.KeycloakApplication
2022-02-16 07:15:35,020 INFO  [org.jboss.resteasy.resteasy_jaxrs.i18n] (ServerService Thread Pool -- 66) RESTEASY002205: Adding provider class org.keycloak.services.filters.KeycloakSecurityHeadersFilter from Application class org.keycloak.services.resources.KeycloakApplication
2022-02-16 07:15:35,021 INFO  [org.jboss.resteasy.resteasy_jaxrs.i18n] (ServerService Thread Pool -- 66) RESTEASY002205: Adding provider class org.keycloak.services.error.KeycloakErrorHandler from Application class org.keycloak.services.resources.KeycloakApplication
2022-02-16 07:15:35,022 INFO  [org.jboss.resteasy.resteasy_jaxrs.i18n] (ServerService Thread Pool -- 66) RESTEASY002200: Adding class resource org.keycloak.services.resources.JsResource from Application class org.keycloak.services.resources.KeycloakApplication
2022-02-16 07:15:35,023 INFO  [org.jboss.resteasy.resteasy_jaxrs.i18n] (ServerService Thread Pool -- 66) RESTEASY002220: Adding singleton resource org.keycloak.services.resources.RealmsResource from Application class org.keycloak.services.resources.KeycloakApplication
2022-02-16 07:15:35,053 INFO  [org.jboss.resteasy.resteasy_jaxrs.i18n] (ServerService Thread Pool -- 66) RESTEASY002220: Adding singleton resource org.keycloak.services.resources.WelcomeResource from Application class org.keycloak.services.resources.KeycloakApplication
2022-02-16 07:15:35,054 INFO  [org.jboss.resteasy.resteasy_jaxrs.i18n] (ServerService Thread Pool -- 66) RESTEASY002220: Adding singleton resource org.keycloak.services.resources.admin.AdminRoot from Application class org.keycloak.services.resources.KeycloakApplication
2022-02-16 07:15:35,056 INFO  [org.jboss.resteasy.resteasy_jaxrs.i18n] (ServerService Thread Pool -- 66) RESTEASY002220: Adding singleton resource org.keycloak.services.resources.RobotsResource from Application class org.keycloak.services.resources.KeycloakApplication
2022-02-16 07:15:35,056 INFO  [org.jboss.resteasy.resteasy_jaxrs.i18n] (ServerService Thread Pool -- 66) RESTEASY002210: Adding provider singleton org.keycloak.services.util.ObjectMapperResolver from Application class org.keycloak.services.resources.KeycloakApplication
2022-02-16 07:15:35,449 INFO  [org.wildfly.extension.undertow] (ServerService Thread Pool -- 66) WFLYUT0021: Registered web context: '/auth' for server 'default-server'
2022-02-16 07:15:35,812 INFO  [org.jboss.as.server] (ServerService Thread Pool -- 43) WFLYSRV0010: Deployed "keycloak-server.war" (runtime-name : "keycloak-server.war")
2022-02-16 07:15:35,869 INFO  [org.jboss.as.server] (Controller Boot Thread) WFLYSRV0212: Resuming server
2022-02-16 07:15:35,873 INFO  [org.jboss.as] (Controller Boot Thread) WFLYSRV0025: Keycloak 15.0.2 (WildFly Core 15.0.1.Final) started in 37710ms - Started 594 of 872 services (584 services are lazy, passive or on-demand)
2022-02-16 07:15:35,878 INFO  [org.jboss.as] (Controller Boot Thread) WFLYSRV0060: Http management interface listening on http://127.0.0.1:9990/management
2022-02-16 07:15:35,879 INFO  [org.jboss.as] (Controller Boot Thread) WFLYSRV0051: Admin console listening on http://127.0.0.1:9990
2022-02-16 22:10:46,662 INFO  [org.jboss.modules] (main) JBoss Modules version 1.11.0.Final
2022-02-16 22:10:49,966 INFO  [org.jboss.msc] (main) JBoss MSC version 1.4.12.Final
2022-02-16 22:10:49,982 INFO  [org.jboss.threads] (main) JBoss Threads version 2.4.0.Final
2022-02-16 22:10:50,241 INFO  [org.jboss.as] (MSC service thread 1-2) WFLYSRV0049: Keycloak 15.0.2 (WildFly Core 15.0.1.Final) starting
2022-02-16 22:10:50,243 DEBUG [org.jboss.as.config] (MSC service thread 1-2) Configured system properties:
	awt.toolkit = sun.awt.windows.WToolkit
	file.encoding = Cp1252
	file.encoding.pkg = sun.io
	file.separator = \
	java.awt.graphicsenv = sun.awt.Win32GraphicsEnvironment
	java.awt.headless = true
	java.awt.printerjob = sun.awt.windows.WPrinterJob
	java.class.path = F:\Code\BSOA\Keycloak\keycloak-15.0.2\jboss-modules.jar
	java.class.version = 52.0
	java.endorsed.dirs = C:\Program Files\Java\jre1.8.0_211\lib\endorsed
	java.ext.dirs = C:\Program Files\Java\jre1.8.0_211\lib\ext;C:\WINDOWS\Sun\Java\lib\ext
	java.home = C:\Program Files\Java\jre1.8.0_211
	java.io.tmpdir = C:\Users\PC\AppData\Local\Temp\
	java.library.path = C:\Program Files (x86)\Common Files\Oracle\Java\javapath;C:\WINDOWS\Sun\Java\bin;C:\WINDOWS\system32;C:\WINDOWS;C:\Python310\Scripts\;C:\Python310\;C:\Program Files (x86)\Common Files\Oracle\Java\javapath;C:\WINDOWS\system32;C:\WINDOWS;C:\WINDOWS\System32\Wbem;C:\WINDOWS\System32\WindowsPowerShell\v1.0\;C:\WINDOWS\System32\OpenSSH\;C:\Program Files\Azure Data Studio\bin;C:\Program Files (x86)\dotnet\;C:\Program Files\nodejs\;C:\ProgramData\chocolatey\bin;C:\Users\PC\AppData\Local\Programs\Python\Python39\Scripts\;C:\Users\PC\AppData\Local\Programs\Python\Python39\;C:\Users\PC\AppData\Local\Microsoft\WindowsApps;C:\Program Files\Azure Data Studio\bin;;F:\development tool\IDE\Microsoft VS Code\bin;C:\Users\PC\AppData\Roaming\npm;.
	java.net.preferIPv4Stack = true
	java.runtime.name = Java(TM) SE Runtime Environment
	java.runtime.version = 1.8.0_211-b12
	java.specification.name = Java Platform API Specification
	java.specification.vendor = Oracle Corporation
	java.specification.version = 1.8
	java.util.logging.manager = org.jboss.logmanager.LogManager
	java.vendor = Oracle Corporation
	java.vendor.url = http://java.oracle.com/
	java.vendor.url.bug = http://bugreport.sun.com/bugreport/
	java.version = 1.8.0_211
	java.vm.info = mixed mode
	java.vm.name = Java HotSpot(TM) 64-Bit Server VM
	java.vm.specification.name = Java Virtual Machine Specification
	java.vm.specification.vendor = Oracle Corporation
	java.vm.specification.version = 1.8
	java.vm.vendor = Oracle Corporation
	java.vm.version = 25.211-b12
	javax.management.builder.initial = org.jboss.as.jmx.PluggableMBeanServerBuilder
	jboss.home.dir = F:\Code\BSOA\Keycloak\keycloak-15.0.2
	jboss.host.name = desktop-tv8kuh0
	jboss.modules.dir = F:\Code\BSOA\Keycloak\keycloak-15.0.2\modules
	jboss.modules.system.pkgs = org.jboss.byteman
	jboss.node.name = desktop-tv8kuh0
	jboss.qualified.host.name = desktop-tv8kuh0
	jboss.server.base.dir = F:\Code\BSOA\Keycloak\keycloak-15.0.2\standalone
	jboss.server.config.dir = F:\Code\BSOA\Keycloak\keycloak-15.0.2\standalone\configuration
	jboss.server.data.dir = F:\Code\BSOA\Keycloak\keycloak-15.0.2\standalone\data
	jboss.server.deploy.dir = F:\Code\BSOA\Keycloak\keycloak-15.0.2\standalone\data\content
	jboss.server.log.dir = F:\Code\BSOA\Keycloak\keycloak-15.0.2\standalone\log
	jboss.server.name = desktop-tv8kuh0
	jboss.server.persist.config = true
	jboss.server.temp.dir = F:\Code\BSOA\Keycloak\keycloak-15.0.2\standalone\tmp
	line.separator = 

	logging.configuration = file:F:\Code\BSOA\Keycloak\keycloak-15.0.2\standalone\configuration/logging.properties
	module.path = F:\Code\BSOA\Keycloak\keycloak-15.0.2\modules
	org.jboss.boot.log.file = F:\Code\BSOA\Keycloak\keycloak-15.0.2\standalone\log\server.log
	org.jboss.resolver.warning = true
	os.arch = amd64
	os.name = Windows 10
	os.version = 10.0
	path.separator = ;
	program.name = standalone.bat
	sun.arch.data.model = 64
	sun.boot.class.path = C:\Program Files\Java\jre1.8.0_211\lib\resources.jar;C:\Program Files\Java\jre1.8.0_211\lib\rt.jar;C:\Program Files\Java\jre1.8.0_211\lib\sunrsasign.jar;C:\Program Files\Java\jre1.8.0_211\lib\jsse.jar;C:\Program Files\Java\jre1.8.0_211\lib\jce.jar;C:\Program Files\Java\jre1.8.0_211\lib\charsets.jar;C:\Program Files\Java\jre1.8.0_211\lib\jfr.jar;C:\Program Files\Java\jre1.8.0_211\classes
	sun.boot.library.path = C:\Program Files\Java\jre1.8.0_211\bin
	sun.cpu.endian = little
	sun.cpu.isalist = amd64
	sun.desktop = windows
	sun.io.unicode.encoding = UnicodeLittle
	sun.java.command = F:\Code\BSOA\Keycloak\keycloak-15.0.2\jboss-modules.jar -mp F:\Code\BSOA\Keycloak\keycloak-15.0.2\modules org.jboss.as.standalone -Djboss.home.dir=F:\Code\BSOA\Keycloak\keycloak-15.0.2
	sun.java.launcher = SUN_STANDARD
	sun.jnu.encoding = Cp1252
	sun.management.compiler = HotSpot 64-Bit Tiered Compilers
	sun.os.patch.level = 
	sun.stderr.encoding = cp437
	sun.stdout.encoding = cp437
	user.country = US
	user.dir = F:\Code\BSOA\Keycloak\keycloak-15.0.2\bin
	user.home = C:\Users\PC
	user.language = en
	user.name = PC
	user.script = 
	user.timezone = Asia/Bangkok
	user.variant = 
2022-02-16 22:10:50,244 DEBUG [org.jboss.as.config] (MSC service thread 1-2) VM Arguments: -Dprogram.name=standalone.bat -Xms64M -Xmx512M -XX:MetaspaceSize=96M -XX:MaxMetaspaceSize=256m -Djava.net.preferIPv4Stack=true -Djboss.modules.system.pkgs=org.jboss.byteman -Djava.awt.headless=true -Dorg.jboss.boot.log.file=F:\Code\BSOA\Keycloak\keycloak-15.0.2\standalone\log\server.log -Dlogging.configuration=file:F:\Code\BSOA\Keycloak\keycloak-15.0.2\standalone\configuration/logging.properties 
2022-02-16 22:10:53,027 INFO  [org.wildfly.security] (ServerService Thread Pool -- 20) ELY00001: WildFly Elytron version 1.15.3.Final
2022-02-16 22:10:55,122 INFO  [org.jboss.as.controller.management-deprecated] (ServerService Thread Pool -- 12) WFLYCTL0033: Extension 'security' is deprecated and may not be supported in future versions
2022-02-16 22:10:56,498 INFO  [org.jboss.as.controller.management-deprecated] (Controller Boot Thread) WFLYCTL0028: Attribute 'security-realm' in the resource at address '/core-service=management/management-interface=http-interface' is deprecated, and may be removed in a future version. See the attribute description in the output of the read-resource-description operation to learn more about the deprecation.
2022-02-16 22:10:56,516 INFO  [org.jboss.as.controller.management-deprecated] (ServerService Thread Pool -- 11) WFLYCTL0028: Attribute 'security-realm' in the resource at address '/subsystem=undertow/server=default-server/https-listener=https' is deprecated, and may be removed in a future version. See the attribute description in the output of the read-resource-description operation to learn more about the deprecation.
2022-02-16 22:10:56,628 INFO  [org.jboss.as.server] (Controller Boot Thread) WFLYSRV0039: Creating http management service using socket-binding (management-http)
2022-02-16 22:10:56,672 INFO  [org.xnio] (MSC service thread 1-2) XNIO version 3.8.4.Final
2022-02-16 22:10:56,678 INFO  [org.xnio.nio] (MSC service thread 1-2) XNIO NIO Implementation Version 3.8.4.Final
2022-02-16 22:10:56,822 INFO  [org.wildfly.extension.health] (ServerService Thread Pool -- 36) WFLYHEALTH0001: Activating Base Health Subsystem
2022-02-16 22:10:56,823 INFO  [org.jboss.as.clustering.infinispan] (ServerService Thread Pool -- 37) WFLYCLINF0001: Activating Infinispan subsystem.
2022-02-16 22:10:56,830 WARN  [org.jboss.as.txn] (ServerService Thread Pool -- 51) WFLYTX0013: The node-identifier attribute on the /subsystem=transactions is set to the default value. This is a danger for environments running multiple servers. Please make sure the attribute value is unique.
2022-02-16 22:10:56,838 INFO  [org.jboss.as.security] (ServerService Thread Pool -- 49) WFLYSEC0002: Activating Security Subsystem
2022-02-16 22:10:56,843 INFO  [org.jboss.as.security] (MSC service thread 1-5) WFLYSEC0001: Current PicketBox version=5.0.3.Final-redhat-00007
2022-02-16 22:10:56,844 INFO  [org.wildfly.extension.metrics] (ServerService Thread Pool -- 45) WFLYMETRICS0001: Activating Base Metrics Subsystem
2022-02-16 22:10:56,862 INFO  [org.jboss.as.naming] (ServerService Thread Pool -- 46) WFLYNAM0001: Activating Naming Subsystem
2022-02-16 22:10:57,034 INFO  [org.wildfly.extension.io] (ServerService Thread Pool -- 38) WFLYIO001: Worker 'default' has auto-configured to 16 IO threads with 128 max task threads based on your 8 available processors
2022-02-16 22:10:57,059 INFO  [org.jboss.as.naming] (MSC service thread 1-3) WFLYNAM0003: Starting Naming Service
2022-02-16 22:10:57,060 INFO  [org.jboss.as.mail.extension] (MSC service thread 1-8) WFLYMAIL0001: Bound mail session [java:jboss/mail/Default]
2022-02-16 22:10:57,093 INFO  [org.jboss.remoting] (MSC service thread 1-2) JBoss Remoting version 5.0.20.Final
2022-02-16 22:10:57,117 WARN  [org.wildfly.extension.elytron] (MSC service thread 1-1) WFLYELY00023: KeyStore file 'F:\Code\BSOA\Keycloak\keycloak-15.0.2\standalone\configuration\application.keystore' does not exist. Used blank.
2022-02-16 22:10:57,146 WARN  [org.wildfly.extension.elytron] (MSC service thread 1-8) WFLYELY01084: KeyStore F:\Code\BSOA\Keycloak\keycloak-15.0.2\standalone\configuration\application.keystore not found, it will be auto generated on first use with a self-signed certificate for host localhost
2022-02-16 22:10:57,199 INFO  [org.jboss.as.connector] (MSC service thread 1-8) WFLYJCA0009: Starting Jakarta Connectors Subsystem (WildFly/IronJacamar 1.4.27.Final)
2022-02-16 22:10:57,250 INFO  [org.jboss.as.connector.subsystems.datasources] (ServerService Thread Pool -- 31) WFLYJCA0004: Deploying JDBC-compliant driver class org.h2.Driver (version 1.4)
2022-02-16 22:10:57,270 INFO  [org.jboss.as.connector.deployers.jdbc] (MSC service thread 1-8) WFLYJCA0018: Started Driver service with driver-name = h2
2022-02-16 22:10:57,545 INFO  [org.wildfly.extension.undertow] (MSC service thread 1-7) WFLYUT0003: Undertow 2.2.5.Final starting
2022-02-16 22:10:58,092 WARN  [org.wildfly.clustering.web.undertow] (ServerService Thread Pool -- 52) WFLYCLWEBUT0007: No routing provider found for default-server; using legacy provider based on static configuration
2022-02-16 22:10:58,207 INFO  [org.jboss.as.jaxrs] (ServerService Thread Pool -- 39) WFLYRS0016: RESTEasy version 3.15.1.Final
2022-02-16 22:10:58,624 INFO  [org.jboss.as.connector.subsystems.datasources] (MSC service thread 1-7) WFLYJCA0001: Bound data source [java:jboss/datasources/ExampleDS]
2022-02-16 22:10:58,624 INFO  [org.jboss.as.connector.subsystems.datasources] (MSC service thread 1-1) WFLYJCA0001: Bound data source [java:jboss/datasources/KeycloakDS]
2022-02-16 22:10:58,694 INFO  [org.wildfly.extension.undertow] (ServerService Thread Pool -- 52) WFLYUT0014: Creating file handler for path 'F:\Code\BSOA\Keycloak\keycloak-15.0.2/welcome-content' with options [directory-listing: 'false', follow-symlink: 'false', case-sensitive: 'true', safe-symlink-paths: '[]']
2022-02-16 22:10:58,728 INFO  [org.jboss.as.ejb3] (MSC service thread 1-5) WFLYEJB0493: Jakarta Enterprise Beans subsystem suspension complete
2022-02-16 22:10:58,728 INFO  [org.jboss.as.ejb3] (MSC service thread 1-3) WFLYEJB0481: Strict pool slsb-strict-max-pool is using a max instance size of 128 (per class), which is derived from thread worker pool sizing.
2022-02-16 22:10:58,728 INFO  [org.jboss.as.ejb3] (MSC service thread 1-7) WFLYEJB0482: Strict pool mdb-strict-max-pool is using a max instance size of 32 (per class), which is derived from the number of CPUs on this host.
2022-02-16 22:10:58,752 INFO  [org.wildfly.extension.undertow] (MSC service thread 1-3) WFLYUT0012: Started server default-server.
2022-02-16 22:10:58,771 INFO  [org.wildfly.extension.undertow] (MSC service thread 1-4) Queuing requests.
2022-02-16 22:10:58,773 INFO  [org.wildfly.extension.undertow] (MSC service thread 1-4) WFLYUT0018: Host default-host starting
2022-02-16 22:10:58,837 INFO  [org.wildfly.extension.undertow] (MSC service thread 1-8) WFLYUT0006: Undertow HTTP listener default listening on 127.0.0.1:8080
2022-02-16 22:11:00,180 INFO  [org.jboss.as.patching] (MSC service thread 1-4) WFLYPAT0050: Keycloak cumulative patch ID is: base, one-off patches include: none
2022-02-16 22:11:00,207 WARN  [org.jboss.as.domain.management.security] (MSC service thread 1-3) WFLYDM0111: Keystore F:\Code\BSOA\Keycloak\keycloak-15.0.2\standalone\configuration\application.keystore not found, it will be auto generated on first use with a self signed certificate for host localhost
2022-02-16 22:11:00,237 INFO  [org.jboss.as.server.deployment.scanner] (MSC service thread 1-1) WFLYDS0013: Started FileSystemDeploymentService for directory F:\Code\BSOA\Keycloak\keycloak-15.0.2\standalone\deployments
2022-02-16 22:11:00,368 INFO  [org.wildfly.extension.undertow] (MSC service thread 1-8) WFLYUT0006: Undertow HTTPS listener https listening on 127.0.0.1:8443
2022-02-16 22:11:00,395 INFO  [org.jboss.as.server.deployment] (MSC service thread 1-3) WFLYSRV0027: Starting deployment of "keycloak-server.war" (runtime-name: "keycloak-server.war")
2022-02-16 22:11:02,669 INFO  [org.infinispan.CONTAINER] (ServerService Thread Pool -- 54) ISPN000128: Infinispan version: Infinispan 'Corona Extra' 11.0.9.Final
2022-02-16 22:11:02,777 INFO  [org.infinispan.CONFIG] (MSC service thread 1-4) ISPN000152: Passivation configured without an eviction policy being selected. Only manually evicted entities will be passivated.
2022-02-16 22:11:02,778 INFO  [org.infinispan.CONFIG] (MSC service thread 1-4) ISPN000152: Passivation configured without an eviction policy being selected. Only manually evicted entities will be passivated.
2022-02-16 22:11:02,883 INFO  [org.infinispan.PERSISTENCE] (ServerService Thread Pool -- 55) ISPN000556: Starting user marshaller 'org.wildfly.clustering.infinispan.marshalling.jboss.JBossMarshaller'
2022-02-16 22:11:02,883 INFO  [org.infinispan.PERSISTENCE] (ServerService Thread Pool -- 54) ISPN000556: Starting user marshaller 'org.wildfly.clustering.infinispan.spi.marshalling.InfinispanProtoStreamMarshaller'
2022-02-16 22:11:03,222 INFO  [org.jboss.as.clustering.infinispan] (ServerService Thread Pool -- 54) WFLYCLINF0002: Started http-remoting-connector cache from ejb container
2022-02-16 22:11:03,243 INFO  [org.jboss.as.clustering.infinispan] (ServerService Thread Pool -- 59) WFLYCLINF0002: Started sessions cache from keycloak container
2022-02-16 22:11:03,244 INFO  [org.jboss.as.clustering.infinispan] (ServerService Thread Pool -- 57) WFLYCLINF0002: Started authenticationSessions cache from keycloak container
2022-02-16 22:11:03,251 INFO  [org.jboss.as.clustering.infinispan] (ServerService Thread Pool -- 58) WFLYCLINF0002: Started clientSessions cache from keycloak container
2022-02-16 22:11:03,252 INFO  [org.jboss.as.clustering.infinispan] (ServerService Thread Pool -- 62) WFLYCLINF0002: Started offlineSessions cache from keycloak container
2022-02-16 22:11:03,255 INFO  [org.jboss.as.clustering.infinispan] (ServerService Thread Pool -- 61) WFLYCLINF0002: Started work cache from keycloak container
2022-02-16 22:11:03,258 INFO  [org.jboss.as.clustering.infinispan] (ServerService Thread Pool -- 55) WFLYCLINF0002: Started loginFailures cache from keycloak container
2022-02-16 22:11:03,259 INFO  [org.jboss.as.clustering.infinispan] (ServerService Thread Pool -- 65) WFLYCLINF0002: Started actionTokens cache from keycloak container
2022-02-16 22:11:03,258 INFO  [org.jboss.as.clustering.infinispan] (ServerService Thread Pool -- 63) WFLYCLINF0002: Started offlineClientSessions cache from keycloak container
2022-02-16 22:11:03,321 INFO  [org.jboss.as.clustering.infinispan] (ServerService Thread Pool -- 54) WFLYCLINF0002: Started realms cache from keycloak container
2022-02-16 22:11:03,321 INFO  [org.jboss.as.clustering.infinispan] (ServerService Thread Pool -- 56) WFLYCLINF0002: Started authorization cache from keycloak container
2022-02-16 22:11:03,321 INFO  [org.jboss.as.clustering.infinispan] (ServerService Thread Pool -- 60) WFLYCLINF0002: Started keys cache from keycloak container
2022-02-16 22:11:03,321 INFO  [org.jboss.as.clustering.infinispan] (ServerService Thread Pool -- 64) WFLYCLINF0002: Started users cache from keycloak container
2022-02-16 22:11:03,971 WARN  [org.jboss.as.server.deployment] (MSC service thread 1-3) WFLYSRV0273: Excluded subsystem webservices via jboss-deployment-structure.xml does not exist.
2022-02-16 22:11:04,999 INFO  [org.keycloak.services] (ServerService Thread Pool -- 66) KC-SERVICES0001: Loading config from standalone.xml or domain.xml
2022-02-16 22:11:05,318 INFO  [org.keycloak.url.DefaultHostnameProviderFactory] (ServerService Thread Pool -- 66) Frontend: <request>, Admin: <frontend>, Backend: <request>
2022-02-16 22:11:06,186 INFO  [org.jboss.as.clustering.infinispan] (ServerService Thread Pool -- 66) WFLYCLINF0002: Started realmRevisions cache from keycloak container
2022-02-16 22:11:06,194 INFO  [org.jboss.as.clustering.infinispan] (ServerService Thread Pool -- 66) WFLYCLINF0002: Started userRevisions cache from keycloak container
2022-02-16 22:11:06,201 INFO  [org.jboss.as.clustering.infinispan] (ServerService Thread Pool -- 66) WFLYCLINF0002: Started authorizationRevisions cache from keycloak container
2022-02-16 22:11:06,203 INFO  [org.keycloak.connections.infinispan.DefaultInfinispanConnectionProviderFactory] (ServerService Thread Pool -- 66) Node name: desktop-tv8kuh0, Site name: null
2022-02-16 22:11:12,017 INFO  [org.keycloak.connections.jpa.DefaultJpaConnectionProviderFactory] (ServerService Thread Pool -- 66) Database info: {databaseUrl=jdbc:h2:F:\Code\BSOA\Keycloak\keycloak-15.0.2\standalone\data/keycloak, databaseUser=SA, databaseProduct=H2 1.4.197 (2018-03-18), databaseDriver=H2 JDBC Driver 1.4.197 (2018-03-18)}
2022-02-16 22:11:13,274 INFO  [org.hibernate.jpa.internal.util.LogHelper] (ServerService Thread Pool -- 66) HHH000204: Processing PersistenceUnitInfo [
	name: keycloak-default
	...]
2022-02-16 22:11:13,438 INFO  [org.hibernate.Version] (ServerService Thread Pool -- 66) HHH000412: Hibernate Core {5.3.20.Final}
2022-02-16 22:11:13,441 INFO  [org.hibernate.cfg.Environment] (ServerService Thread Pool -- 66) HHH000206: hibernate.properties not found
2022-02-16 22:11:14,061 INFO  [org.hibernate.annotations.common.Version] (ServerService Thread Pool -- 66) HCANN000001: Hibernate Commons Annotations {5.0.5.Final}
2022-02-16 22:11:14,246 INFO  [org.hibernate.dialect.Dialect] (ServerService Thread Pool -- 66) HHH000400: Using dialect: org.hibernate.dialect.H2Dialect
2022-02-16 22:11:14,323 INFO  [org.hibernate.envers.boot.internal.EnversServiceImpl] (ServerService Thread Pool -- 66) Envers integration enabled? : true
2022-02-16 22:11:14,792 INFO  [org.hibernate.orm.beans] (ServerService Thread Pool -- 66) HHH10005002: No explicit CDI BeanManager reference was passed to Hibernate, but CDI is available on the Hibernate ClassLoader.
2022-02-16 22:11:14,905 INFO  [org.hibernate.validator.internal.util.Version] (ServerService Thread Pool -- 66) HV000001: Hibernate Validator 6.0.22.Final
2022-02-16 22:11:15,987 INFO  [org.hibernate.hql.internal.QueryTranslatorFactoryInitiator] (ServerService Thread Pool -- 66) HHH000397: Using ASTQueryTranslatorFactory
2022-02-16 22:11:16,963 INFO  [org.jboss.resteasy.resteasy_jaxrs.i18n] (ServerService Thread Pool -- 66) RESTEASY002225: Deploying javax.ws.rs.core.Application: class org.keycloak.services.resources.KeycloakApplication
2022-02-16 22:11:16,967 INFO  [org.jboss.resteasy.resteasy_jaxrs.i18n] (ServerService Thread Pool -- 66) RESTEASY002200: Adding class resource org.keycloak.services.resources.JsResource from Application class org.keycloak.services.resources.KeycloakApplication
2022-02-16 22:11:16,968 INFO  [org.jboss.resteasy.resteasy_jaxrs.i18n] (ServerService Thread Pool -- 66) RESTEASY002205: Adding provider class org.keycloak.services.error.KeycloakErrorHandler from Application class org.keycloak.services.resources.KeycloakApplication
2022-02-16 22:11:16,971 INFO  [org.jboss.resteasy.resteasy_jaxrs.i18n] (ServerService Thread Pool -- 66) RESTEASY002205: Adding provider class org.keycloak.services.filters.KeycloakSecurityHeadersFilter from Application class org.keycloak.services.resources.KeycloakApplication
2022-02-16 22:11:16,971 INFO  [org.jboss.resteasy.resteasy_jaxrs.i18n] (ServerService Thread Pool -- 66) RESTEASY002200: Adding class resource org.keycloak.services.resources.ThemeResource from Application class org.keycloak.services.resources.KeycloakApplication
2022-02-16 22:11:16,972 INFO  [org.jboss.resteasy.resteasy_jaxrs.i18n] (ServerService Thread Pool -- 66) RESTEASY002220: Adding singleton resource org.keycloak.services.resources.RealmsResource from Application class org.keycloak.services.resources.KeycloakApplication
2022-02-16 22:11:16,973 INFO  [org.jboss.resteasy.resteasy_jaxrs.i18n] (ServerService Thread Pool -- 66) RESTEASY002210: Adding provider singleton org.keycloak.services.util.ObjectMapperResolver from Application class org.keycloak.services.resources.KeycloakApplication
2022-02-16 22:11:16,973 INFO  [org.jboss.resteasy.resteasy_jaxrs.i18n] (ServerService Thread Pool -- 66) RESTEASY002220: Adding singleton resource org.keycloak.services.resources.RobotsResource from Application class org.keycloak.services.resources.KeycloakApplication
2022-02-16 22:11:16,974 INFO  [org.jboss.resteasy.resteasy_jaxrs.i18n] (ServerService Thread Pool -- 66) RESTEASY002220: Adding singleton resource org.keycloak.services.resources.WelcomeResource from Application class org.keycloak.services.resources.KeycloakApplication
2022-02-16 22:11:16,974 INFO  [org.jboss.resteasy.resteasy_jaxrs.i18n] (ServerService Thread Pool -- 66) RESTEASY002220: Adding singleton resource org.keycloak.services.resources.admin.AdminRoot from Application class org.keycloak.services.resources.KeycloakApplication
2022-02-16 22:11:17,467 INFO  [org.wildfly.extension.undertow] (ServerService Thread Pool -- 66) WFLYUT0021: Registered web context: '/auth' for server 'default-server'
